{
  "RSpec": {
    "coverage": {
      "/Users/yoshitake.nakaji/works/sandbox/myproj/factory_logger/spec/dummy/config/environment.rb": [
        null,
        1,
        null,
        null,
        1
      ],
      "/Users/yoshitake.nakaji/works/sandbox/myproj/factory_logger/spec/dummy/config/application.rb": [
        1,
        null,
        1,
        null,
        1,
        1,
        null,
        1,
        1,
        null,
        null,
        null,
        null,
        null,
        null,
        null,
        null,
        null,
        null,
        null,
        null,
        null,
        1,
        null,
        null,
        null
      ],
      "/Users/yoshitake.nakaji/works/sandbox/myproj/factory_logger/spec/dummy/config/boot.rb": [
        null,
        1,
        null,
        1,
        1
      ],
      "/Users/yoshitake.nakaji/works/sandbox/myproj/factory_logger/lib/factory_logger.rb": [
        1,
        null,
        1,
        null
      ],
      "/Users/yoshitake.nakaji/works/sandbox/myproj/factory_logger/lib/factory_logger/engine.rb": [
        1,
        null,
        1,
        1,
        1,
        1,
        1,
        1,
        1,
        null,
        null,
        null
      ],
      "/Users/yoshitake.nakaji/works/sandbox/myproj/factory_logger/lib/factory_logger/config.rb": [
        1,
        1,
        1,
        1,
        1,
        null,
        null,
        1,
        1,
        null,
        null,
        1,
        2,
        null,
        null
      ],
      "/Users/yoshitake.nakaji/works/sandbox/myproj/factory_logger/spec/dummy/config/environments/test.rb": [
        1,
        null,
        null,
        null,
        null,
        null,
        null,
        1,
        null,
        null,
        null,
        null,
        1,
        null,
        null,
        1,
        1,
        null,
        null,
        1,
        1,
        null,
        null,
        1,
        null,
        null,
        1,
        null,
        null,
        null,
        null,
        1,
        null,
        null,
        1,
        null,
        null,
        1,
        null,
        null,
        null,
        null
      ],
      "/Users/yoshitake.nakaji/works/sandbox/myproj/factory_logger/spec/dummy/config/initializers/assets.rb": [
        null,
        null,
        null,
        1,
        null,
        null,
        null,
        null,
        null,
        null,
        null
      ],
      "/Users/yoshitake.nakaji/works/sandbox/myproj/factory_logger/spec/dummy/config/initializers/backtrace_silencers.rb": [
        null,
        null,
        null,
        null,
        null,
        null,
        null
      ],
      "/Users/yoshitake.nakaji/works/sandbox/myproj/factory_logger/spec/dummy/config/initializers/cookies_serializer.rb": [
        null,
        null,
        1
      ],
      "/Users/yoshitake.nakaji/works/sandbox/myproj/factory_logger/spec/dummy/config/initializers/filter_parameter_logging.rb": [
        null,
        null,
        null,
        1
      ],
      "/Users/yoshitake.nakaji/works/sandbox/myproj/factory_logger/spec/dummy/config/initializers/inflections.rb": [
        null,
        null,
        null,
        null,
        null,
        null,
        null,
        null,
        null,
        null,
        null,
        null,
        null,
        null,
        null,
        null
      ],
      "/Users/yoshitake.nakaji/works/sandbox/myproj/factory_logger/spec/dummy/config/initializers/mime_types.rb": [
        null,
        null,
        null,
        null
      ],
      "/Users/yoshitake.nakaji/works/sandbox/myproj/factory_logger/spec/dummy/config/initializers/session_store.rb": [
        null,
        null,
        1
      ],
      "/Users/yoshitake.nakaji/works/sandbox/myproj/factory_logger/spec/dummy/config/initializers/wrap_parameters.rb": [
        null,
        null,
        null,
        null,
        null,
        null,
        1,
        1,
        null,
        null,
        null,
        null,
        null,
        null
      ],
      "/Users/yoshitake.nakaji/works/sandbox/myproj/factory_logger/spec/dummy/config/routes.rb": [
        1,
        null,
        null,
        null,
        null,
        null,
        null,
        null,
        null,
        null,
        null,
        null,
        null,
        null,
        null,
        null,
        null,
        null,
        null,
        null,
        null,
        null,
        null,
        null,
        null,
        null,
        null,
        null,
        null,
        null,
        null,
        null,
        null,
        null,
        null,
        null,
        null,
        null,
        null,
        null,
        null,
        null,
        null,
        null,
        null,
        null,
        null,
        null,
        null,
        null,
        null,
        null,
        null,
        null,
        null,
        null
      ],
      "/Users/yoshitake.nakaji/works/sandbox/myproj/factory_logger/config/routes.rb": [
        1,
        null
      ],
      "/Users/yoshitake.nakaji/works/sandbox/myproj/factory_logger/spec/dummy/app/helpers/application_helper.rb": [
        1,
        null
      ],
      "/Users/yoshitake.nakaji/works/sandbox/myproj/factory_logger/spec/factories/asso_relations.rb": [
        1,
        1,
        1,
        1,
        null,
        null,
        null
      ],
      "/Users/yoshitake.nakaji/works/sandbox/myproj/factory_logger/spec/factories/assos.rb": [
        null,
        1,
        1,
        1,
        1,
        null,
        null
      ],
      "/Users/yoshitake.nakaji/works/sandbox/myproj/factory_logger/spec/factories/factories.rb": [
        1,
        1,
        14,
        null,
        null,
        null
      ],
      "/Users/yoshitake.nakaji/works/sandbox/myproj/factory_logger/spec/factories/factory_logs.rb": [
        1,
        1,
        1,
        1,
        1,
        1,
        1,
        null,
        1,
        1,
        1,
        1,
        null,
        null,
        1,
        1,
        1,
        1,
        1,
        1,
        null,
        null,
        null
      ],
      "/Users/yoshitake.nakaji/works/sandbox/myproj/factory_logger/spec/factories/trait_relations.rb": [
        1,
        1,
        1,
        1,
        null,
        null,
        null
      ],
      "/Users/yoshitake.nakaji/works/sandbox/myproj/factory_logger/spec/factories/traits.rb": [
        1,
        1,
        3,
        null,
        null,
        null
      ],
      "/Users/yoshitake.nakaji/works/sandbox/myproj/factory_logger/spec/models/asso_relation_spec.rb": [
        1,
        null,
        1,
        null
      ],
      "/Users/yoshitake.nakaji/works/sandbox/myproj/factory_logger/app/models/asso_relation.rb": [
        null,
        1,
        1,
        1,
        null,
        null,
        1,
        0,
        0,
        0,
        0,
        0,
        null,
        null,
        null,
        null
      ],
      "/Users/yoshitake.nakaji/works/sandbox/myproj/factory_logger/spec/models/asso_spec.rb": [
        1,
        1,
        null,
        1,
        3,
        3,
        3,
        3,
        1,
        4,
        null,
        1,
        4,
        null,
        null,
        null,
        1,
        5,
        5,
        5,
        5,
        5,
        5,
        1,
        1,
        1,
        null,
        1,
        1,
        null,
        1,
        1,
        null,
        1,
        1,
        null,
        null,
        null,
        null
      ],
      "/Users/yoshitake.nakaji/works/sandbox/myproj/factory_logger/app/models/asso.rb": [
        null,
        1,
        1,
        1,
        1,
        null,
        null,
        1,
        null,
        null,
        null,
        null,
        3,
        3,
        2,
        2,
        null,
        null,
        null,
        1,
        7,
        6,
        null,
        null,
        null
      ],
      "/Users/yoshitake.nakaji/works/sandbox/myproj/factory_logger/spec/models/factory_log_spec.rb": [
        1,
        1,
        1,
        2,
        2,
        2,
        2,
        1,
        1,
        1,
        1,
        1,
        1,
        null,
        null,
        null,
        null,
        1,
        null,
        null,
        null,
        null,
        null,
        null,
        null,
        null,
        null,
        null,
        null
      ],
      "/Users/yoshitake.nakaji/works/sandbox/myproj/factory_logger/app/models/factory_log.rb": [
        null,
        1,
        null,
        null,
        1,
        null,
        null,
        null,
        null,
        null,
        null,
        1,
        4,
        null,
        null,
        null,
        1,
        1,
        1,
        4,
        4,
        7,
        2,
        2,
        2,
        2,
        null,
        2,
        null,
        null,
        null,
        null,
        null,
        null,
        null,
        1,
        null,
        null
      ],
      "/Users/yoshitake.nakaji/works/sandbox/myproj/factory_logger/spec/models/factory_spec.rb": [
        1,
        null,
        1,
        null,
        1,
        1,
        2,
        2,
        null,
        null,
        1,
        2,
        2,
        1,
        1,
        1,
        null,
        null,
        null,
        1,
        2,
        2,
        1,
        1,
        1,
        null,
        null,
        null,
        null,
        1,
        5,
        5,
        5,
        null,
        1,
        3,
        1,
        4,
        null,
        1,
        2,
        2,
        2,
        1,
        4,
        null,
        null,
        null,
        null,
        1,
        3,
        1,
        4,
        null,
        1,
        2,
        2,
        2,
        1,
        4,
        null,
        null,
        null,
        null,
        null,
        1,
        1,
        2,
        1,
        4,
        null,
        null,
        null,
        1,
        3,
        1,
        4,
        null,
        null,
        1,
        1,
        2,
        null,
        null,
        null,
        null
      ],
      "/Users/yoshitake.nakaji/works/sandbox/myproj/factory_logger/app/models/factory.rb": [
        null,
        1,
        1,
        1,
        1,
        1,
        null,
        null,
        null,
        null,
        null,
        null,
        null,
        1,
        null,
        12,
        12,
        12,
        12,
        12,
        1,
        1,
        0,
        null,
        1,
        0,
        null,
        null,
        11,
        11,
        4,
        4,
        5,
        4,
        0,
        null,
        4,
        null,
        4,
        0,
        null,
        null,
        null,
        5,
        null,
        null,
        null,
        1,
        14,
        17,
        0,
        null,
        17,
        null,
        17,
        null,
        null,
        null,
        null,
        1,
        11,
        8,
        null,
        1,
        1,
        null,
        null,
        3,
        null,
        null
      ],
      "/Users/yoshitake.nakaji/works/sandbox/myproj/factory_logger/spec/models/trait_relation_spec.rb": [
        1,
        null,
        1,
        1,
        1,
        2,
        2,
        1,
        1,
        1,
        null,
        null,
        1,
        2,
        2,
        1,
        1,
        4,
        null,
        null,
        null,
        null
      ],
      "/Users/yoshitake.nakaji/works/sandbox/myproj/factory_logger/app/models/trait_relation.rb": [
        null,
        1,
        1,
        1,
        null,
        null,
        1,
        3,
        1,
        null,
        2,
        null,
        null
      ],
      "/Users/yoshitake.nakaji/works/sandbox/myproj/factory_logger/spec/models/trait_spec.rb": [
        1,
        null,
        1,
        1,
        2,
        null,
        1,
        1,
        3,
        null,
        4,
        null,
        null,
        null
      ],
      "/Users/yoshitake.nakaji/works/sandbox/myproj/factory_logger/app/models/trait.rb": [
        null,
        1,
        1,
        null,
        1,
        9,
        9,
        9,
        9,
        9,
        null,
        null
      ]
    },
    "timestamp": 1433146213
  }
}
